  main.c
C:\Users\dawid\Downloads\ThreadlessInjection\ThreadlessInjection\ThreadlessInjection\main.c(35,7): warning C4022: 'g_NtApi': pointer mismatch for actual parameter 2
C:\Users\dawid\Downloads\ThreadlessInjection\ThreadlessInjection\ThreadlessInjection\main.c(35,7): warning C4022: 'g_NtApi': pointer mismatch for actual parameter 3
C:\Users\dawid\Downloads\ThreadlessInjection\ThreadlessInjection\ThreadlessInjection\main.c(35,7): warning C4244: 'function': conversion from 'SIZE_T' to 'ULONG', possible loss of data
C:\Users\dawid\Downloads\ThreadlessInjection\ThreadlessInjection\ThreadlessInjection\main.c(35,7): warning C4133: 'function': incompatible types - from 'SIZE_T *' to 'PULONG'
C:\Users\dawid\Downloads\ThreadlessInjection\ThreadlessInjection\ThreadlessInjection\main.c(41,7): warning C4022: 'g_NtApi': pointer mismatch for actual parameter 2
C:\Users\dawid\Downloads\ThreadlessInjection\ThreadlessInjection\ThreadlessInjection\main.c(41,7): warning C4022: 'g_NtApi': pointer mismatch for actual parameter 3
C:\Users\dawid\Downloads\ThreadlessInjection\ThreadlessInjection\ThreadlessInjection\main.c(41,7): warning C4244: 'function': conversion from 'SIZE_T' to 'ULONG', possible loss of data
C:\Users\dawid\Downloads\ThreadlessInjection\ThreadlessInjection\ThreadlessInjection\main.c(41,7): warning C4133: 'function': incompatible types - from 'SIZE_T *' to 'PULONG'
C:\Users\dawid\Downloads\ThreadlessInjection\ThreadlessInjection\ThreadlessInjection\main.c(46,7): warning C4047: 'function': 'PVOID *' differs in levels of indirection from 'ULONG_PTR *'
C:\Users\dawid\Downloads\ThreadlessInjection\ThreadlessInjection\ThreadlessInjection\main.c(46,7): warning C4022: 'g_NtApi': pointer mismatch for actual parameter 2
C:\Users\dawid\Downloads\ThreadlessInjection\ThreadlessInjection\ThreadlessInjection\main.c(70,8): warning C4047: 'function': 'PVOID *' differs in levels of indirection from 'ULONG_PTR *'
C:\Users\dawid\Downloads\ThreadlessInjection\ThreadlessInjection\ThreadlessInjection\main.c(70,8): warning C4022: 'g_NtApi': pointer mismatch for actual parameter 2
C:\Users\dawid\Downloads\ThreadlessInjection\ThreadlessInjection\ThreadlessInjection\main.c(63,12): warning C4047: 'initializing': 'ULONG_PTR' differs in levels of indirection from 'void *'
C:\Users\dawid\Downloads\ThreadlessInjection\ThreadlessInjection\ThreadlessInjection\main.c(169,7): warning C4133: 'function': incompatible types - from 'SIZE_T *' to 'PULONG'
C:\Users\dawid\Downloads\ThreadlessInjection\ThreadlessInjection\ThreadlessInjection\main.c(230,20): warning C4018: '<': signed/unsigned mismatch
C:\Users\dawid\Downloads\ThreadlessInjection\ThreadlessInjection\ThreadlessInjection\main.c(233,30): warning C4047: '!=': 'DWORD' differs in levels of indirection from 'void *'
C:\Users\dawid\Downloads\ThreadlessInjection\ThreadlessInjection\ThreadlessInjection\main.c(268,22): warning C4047: '==': 'DWORD' differs in levels of indirection from 'void *'
C:\Users\dawid\Downloads\ThreadlessInjection\ThreadlessInjection\ThreadlessInjection\main.c(210,3): warning C4047: 'initializing': 'DWORD' differs in levels of indirection from 'void *'
C:\Users\dawid\Downloads\ThreadlessInjection\ThreadlessInjection\ThreadlessInjection\main.c(211,3): warning C4047: 'initializing': 'DWORD' differs in levels of indirection from 'void *'
C:\Users\dawid\Downloads\ThreadlessInjection\ThreadlessInjection\ThreadlessInjection\main.c(212,3): warning C4047: 'initializing': 'DWORD' differs in levels of indirection from 'void *'
C:\Users\dawid\Downloads\ThreadlessInjection\ThreadlessInjection\ThreadlessInjection\main.c(329,63): warning C4047: 'function': 'ULONG_PTR' differs in levels of indirection from 'PVOID'
C:\Users\dawid\Downloads\ThreadlessInjection\ThreadlessInjection\ThreadlessInjection\main.c(329,43): warning C4024: 'FindMemoryHole': different types for formal and actual parameter 3
C:\Users\dawid\Downloads\ThreadlessInjection\ThreadlessInjection\ThreadlessInjection\main.c(335,61): warning C4047: 'function': 'ULONG_PTR' differs in levels of indirection from 'unsigned char [63]'
C:\Users\dawid\Downloads\ThreadlessInjection\ThreadlessInjection\ThreadlessInjection\main.c(335,46): warning C4024: 'WritePayloadBuffer': different types for formal and actual parameter 3
C:\Users\dawid\Downloads\ThreadlessInjection\ThreadlessInjection\ThreadlessInjection\main.c(335,95): warning C4047: 'function': 'ULONG_PTR' differs in levels of indirection from 'unsigned char [106]'
C:\Users\dawid\Downloads\ThreadlessInjection\ThreadlessInjection\ThreadlessInjection\main.c(335,88): warning C4024: 'WritePayloadBuffer': different types for formal and actual parameter 5
C:\Users\dawid\Downloads\ThreadlessInjection\ThreadlessInjection\ThreadlessInjection\main.c(344,65): warning C4022: 'PatchAndInstallTrampoline': pointer mismatch for actual parameter 3
C:\Users\dawid\Downloads\ThreadlessInjection\ThreadlessInjection\ThreadlessInjection\main.c(283,13): warning C4047: 'initializing': 'ULONG_PTR' differs in levels of indirection from 'void *'
C:\Users\dawid\Downloads\ThreadlessInjection\ThreadlessInjection\ThreadlessInjection\main.c(288,8): warning C4047: 'initializing': 'DWORD' differs in levels of indirection from 'void *'
  Generating code
  2 of 11 functions (18.2%) were compiled, the rest were copied from previous compilation.
    0 functions were new in current compilation
    0 functions had inline decision re-evaluated but remain unchanged
  Finished generating code
  ThreadlessInjection.vcxproj -> C:\Users\dawid\Downloads\ThreadlessInjection\ThreadlessInjection\x64\Release\ThreadlessInjection.exe
